Linked: (/home/andyvince01/Desktop/Project/devel/.private/features/lib/python3/dist-packages/features/__init__.py, /home/andyvince01/Desktop/Project/devel/lib/python3/dist-packages/features/__init__.py)
Linked: (/home/andyvince01/Desktop/Project/devel/.private/features/lib/python3/dist-packages/features/srv/_WakeUp.py, /home/andyvince01/Desktop/Project/devel/lib/python3/dist-packages/features/srv/_WakeUp.py)
Linked: (/home/andyvince01/Desktop/Project/devel/.private/features/lib/python3/dist-packages/features/srv/_Text2Speech.py, /home/andyvince01/Desktop/Project/devel/lib/python3/dist-packages/features/srv/_Text2Speech.py)
Linked: (/home/andyvince01/Desktop/Project/devel/.private/features/lib/python3/dist-packages/features/srv/__init__.py, /home/andyvince01/Desktop/Project/devel/lib/python3/dist-packages/features/srv/__init__.py)
Linked: (/home/andyvince01/Desktop/Project/devel/.private/features/lib/python3/dist-packages/features/srv/_TabletService.py, /home/andyvince01/Desktop/Project/devel/lib/python3/dist-packages/features/srv/_TabletService.py)
Linked: (/home/andyvince01/Desktop/Project/devel/.private/features/lib/python3/dist-packages/features/srv/_Rest.py, /home/andyvince01/Desktop/Project/devel/lib/python3/dist-packages/features/srv/_Rest.py)
Linked: (/home/andyvince01/Desktop/Project/devel/.private/features/lib/python3/dist-packages/features/srv/_VoiceDetectionService.py, /home/andyvince01/Desktop/Project/devel/lib/python3/dist-packages/features/srv/_VoiceDetectionService.py)
Linked: (/home/andyvince01/Desktop/Project/devel/.private/features/lib/python3/dist-packages/features/srv/_ASRService.py, /home/andyvince01/Desktop/Project/devel/lib/python3/dist-packages/features/srv/_ASRService.py)
Linked: (/home/andyvince01/Desktop/Project/devel/.private/features/lib/python3/dist-packages/features/srv/_FaceDetectorService.py, /home/andyvince01/Desktop/Project/devel/lib/python3/dist-packages/features/srv/_FaceDetectorService.py)
Linked: (/home/andyvince01/Desktop/Project/devel/.private/features/lib/python3/dist-packages/features/srv/_AnimationService.py, /home/andyvince01/Desktop/Project/devel/lib/python3/dist-packages/features/srv/_AnimationService.py)
Linked: (/home/andyvince01/Desktop/Project/devel/.private/features/lib/python3/dist-packages/features/srv/_FaceDetector.py, /home/andyvince01/Desktop/Project/devel/lib/python3/dist-packages/features/srv/_FaceDetector.py)
Linked: (/home/andyvince01/Desktop/Project/devel/.private/features/lib/pkgconfig/features.pc, /home/andyvince01/Desktop/Project/devel/lib/pkgconfig/features.pc)
Linked: (/home/andyvince01/Desktop/Project/devel/.private/features/share/roseus/ros/features/manifest.l, /home/andyvince01/Desktop/Project/devel/share/roseus/ros/features/manifest.l)
Linked: (/home/andyvince01/Desktop/Project/devel/.private/features/share/roseus/ros/features/srv/VoiceDetectionService.l, /home/andyvince01/Desktop/Project/devel/share/roseus/ros/features/srv/VoiceDetectionService.l)
Linked: (/home/andyvince01/Desktop/Project/devel/.private/features/share/roseus/ros/features/srv/ASRService.l, /home/andyvince01/Desktop/Project/devel/share/roseus/ros/features/srv/ASRService.l)
Linked: (/home/andyvince01/Desktop/Project/devel/.private/features/share/roseus/ros/features/srv/WakeUp.l, /home/andyvince01/Desktop/Project/devel/share/roseus/ros/features/srv/WakeUp.l)
Linked: (/home/andyvince01/Desktop/Project/devel/.private/features/share/roseus/ros/features/srv/Rest.l, /home/andyvince01/Desktop/Project/devel/share/roseus/ros/features/srv/Rest.l)
Linked: (/home/andyvince01/Desktop/Project/devel/.private/features/share/roseus/ros/features/srv/FaceDetectorService.l, /home/andyvince01/Desktop/Project/devel/share/roseus/ros/features/srv/FaceDetectorService.l)
Linked: (/home/andyvince01/Desktop/Project/devel/.private/features/share/roseus/ros/features/srv/FaceDetector.l, /home/andyvince01/Desktop/Project/devel/share/roseus/ros/features/srv/FaceDetector.l)
Linked: (/home/andyvince01/Desktop/Project/devel/.private/features/share/roseus/ros/features/srv/TabletService.l, /home/andyvince01/Desktop/Project/devel/share/roseus/ros/features/srv/TabletService.l)
Linked: (/home/andyvince01/Desktop/Project/devel/.private/features/share/roseus/ros/features/srv/AnimationService.l, /home/andyvince01/Desktop/Project/devel/share/roseus/ros/features/srv/AnimationService.l)
Linked: (/home/andyvince01/Desktop/Project/devel/.private/features/share/roseus/ros/features/srv/Text2Speech.l, /home/andyvince01/Desktop/Project/devel/share/roseus/ros/features/srv/Text2Speech.l)
Linked: (/home/andyvince01/Desktop/Project/devel/.private/features/share/features/cmake/features-msg-paths.cmake, /home/andyvince01/Desktop/Project/devel/share/features/cmake/features-msg-paths.cmake)
Linked: (/home/andyvince01/Desktop/Project/devel/.private/features/share/features/cmake/features-msg-extras.cmake, /home/andyvince01/Desktop/Project/devel/share/features/cmake/features-msg-extras.cmake)
Linked: (/home/andyvince01/Desktop/Project/devel/.private/features/share/features/cmake/featuresConfig.cmake, /home/andyvince01/Desktop/Project/devel/share/features/cmake/featuresConfig.cmake)
Linked: (/home/andyvince01/Desktop/Project/devel/.private/features/share/features/cmake/featuresConfig-version.cmake, /home/andyvince01/Desktop/Project/devel/share/features/cmake/featuresConfig-version.cmake)
Linked: (/home/andyvince01/Desktop/Project/devel/.private/features/share/gennodejs/ros/features/_index.js, /home/andyvince01/Desktop/Project/devel/share/gennodejs/ros/features/_index.js)
Linked: (/home/andyvince01/Desktop/Project/devel/.private/features/share/gennodejs/ros/features/srv/FaceDetectorService.js, /home/andyvince01/Desktop/Project/devel/share/gennodejs/ros/features/srv/FaceDetectorService.js)
Linked: (/home/andyvince01/Desktop/Project/devel/.private/features/share/gennodejs/ros/features/srv/Rest.js, /home/andyvince01/Desktop/Project/devel/share/gennodejs/ros/features/srv/Rest.js)
Linked: (/home/andyvince01/Desktop/Project/devel/.private/features/share/gennodejs/ros/features/srv/VoiceDetectionService.js, /home/andyvince01/Desktop/Project/devel/share/gennodejs/ros/features/srv/VoiceDetectionService.js)
Linked: (/home/andyvince01/Desktop/Project/devel/.private/features/share/gennodejs/ros/features/srv/TabletService.js, /home/andyvince01/Desktop/Project/devel/share/gennodejs/ros/features/srv/TabletService.js)
Linked: (/home/andyvince01/Desktop/Project/devel/.private/features/share/gennodejs/ros/features/srv/_index.js, /home/andyvince01/Desktop/Project/devel/share/gennodejs/ros/features/srv/_index.js)
Linked: (/home/andyvince01/Desktop/Project/devel/.private/features/share/gennodejs/ros/features/srv/AnimationService.js, /home/andyvince01/Desktop/Project/devel/share/gennodejs/ros/features/srv/AnimationService.js)
Linked: (/home/andyvince01/Desktop/Project/devel/.private/features/share/gennodejs/ros/features/srv/WakeUp.js, /home/andyvince01/Desktop/Project/devel/share/gennodejs/ros/features/srv/WakeUp.js)
Linked: (/home/andyvince01/Desktop/Project/devel/.private/features/share/gennodejs/ros/features/srv/FaceDetector.js, /home/andyvince01/Desktop/Project/devel/share/gennodejs/ros/features/srv/FaceDetector.js)
Linked: (/home/andyvince01/Desktop/Project/devel/.private/features/share/gennodejs/ros/features/srv/Text2Speech.js, /home/andyvince01/Desktop/Project/devel/share/gennodejs/ros/features/srv/Text2Speech.js)
Linked: (/home/andyvince01/Desktop/Project/devel/.private/features/share/gennodejs/ros/features/srv/ASRService.js, /home/andyvince01/Desktop/Project/devel/share/gennodejs/ros/features/srv/ASRService.js)
Linked: (/home/andyvince01/Desktop/Project/devel/.private/features/share/common-lisp/ros/features/srv/features-srv.asd, /home/andyvince01/Desktop/Project/devel/share/common-lisp/ros/features/srv/features-srv.asd)
Linked: (/home/andyvince01/Desktop/Project/devel/.private/features/share/common-lisp/ros/features/srv/_package_ASRService.lisp, /home/andyvince01/Desktop/Project/devel/share/common-lisp/ros/features/srv/_package_ASRService.lisp)
Linked: (/home/andyvince01/Desktop/Project/devel/.private/features/share/common-lisp/ros/features/srv/_package.lisp, /home/andyvince01/Desktop/Project/devel/share/common-lisp/ros/features/srv/_package.lisp)
Linked: (/home/andyvince01/Desktop/Project/devel/.private/features/share/common-lisp/ros/features/srv/_package_WakeUp.lisp, /home/andyvince01/Desktop/Project/devel/share/common-lisp/ros/features/srv/_package_WakeUp.lisp)
Linked: (/home/andyvince01/Desktop/Project/devel/.private/features/share/common-lisp/ros/features/srv/_package_FaceDetectorService.lisp, /home/andyvince01/Desktop/Project/devel/share/common-lisp/ros/features/srv/_package_FaceDetectorService.lisp)
Linked: (/home/andyvince01/Desktop/Project/devel/.private/features/share/common-lisp/ros/features/srv/_package_TabletService.lisp, /home/andyvince01/Desktop/Project/devel/share/common-lisp/ros/features/srv/_package_TabletService.lisp)
Linked: (/home/andyvince01/Desktop/Project/devel/.private/features/share/common-lisp/ros/features/srv/_package_FaceDetector.lisp, /home/andyvince01/Desktop/Project/devel/share/common-lisp/ros/features/srv/_package_FaceDetector.lisp)
Linked: (/home/andyvince01/Desktop/Project/devel/.private/features/share/common-lisp/ros/features/srv/Text2Speech.lisp, /home/andyvince01/Desktop/Project/devel/share/common-lisp/ros/features/srv/Text2Speech.lisp)
Linked: (/home/andyvince01/Desktop/Project/devel/.private/features/share/common-lisp/ros/features/srv/_package_Rest.lisp, /home/andyvince01/Desktop/Project/devel/share/common-lisp/ros/features/srv/_package_Rest.lisp)
Linked: (/home/andyvince01/Desktop/Project/devel/.private/features/share/common-lisp/ros/features/srv/WakeUp.lisp, /home/andyvince01/Desktop/Project/devel/share/common-lisp/ros/features/srv/WakeUp.lisp)
Linked: (/home/andyvince01/Desktop/Project/devel/.private/features/share/common-lisp/ros/features/srv/AnimationService.lisp, /home/andyvince01/Desktop/Project/devel/share/common-lisp/ros/features/srv/AnimationService.lisp)
Linked: (/home/andyvince01/Desktop/Project/devel/.private/features/share/common-lisp/ros/features/srv/Rest.lisp, /home/andyvince01/Desktop/Project/devel/share/common-lisp/ros/features/srv/Rest.lisp)
Linked: (/home/andyvince01/Desktop/Project/devel/.private/features/share/common-lisp/ros/features/srv/_package_VoiceDetectionService.lisp, /home/andyvince01/Desktop/Project/devel/share/common-lisp/ros/features/srv/_package_VoiceDetectionService.lisp)
Linked: (/home/andyvince01/Desktop/Project/devel/.private/features/share/common-lisp/ros/features/srv/FaceDetectorService.lisp, /home/andyvince01/Desktop/Project/devel/share/common-lisp/ros/features/srv/FaceDetectorService.lisp)
Linked: (/home/andyvince01/Desktop/Project/devel/.private/features/share/common-lisp/ros/features/srv/VoiceDetectionService.lisp, /home/andyvince01/Desktop/Project/devel/share/common-lisp/ros/features/srv/VoiceDetectionService.lisp)
Linked: (/home/andyvince01/Desktop/Project/devel/.private/features/share/common-lisp/ros/features/srv/FaceDetector.lisp, /home/andyvince01/Desktop/Project/devel/share/common-lisp/ros/features/srv/FaceDetector.lisp)
Linked: (/home/andyvince01/Desktop/Project/devel/.private/features/share/common-lisp/ros/features/srv/ASRService.lisp, /home/andyvince01/Desktop/Project/devel/share/common-lisp/ros/features/srv/ASRService.lisp)
Linked: (/home/andyvince01/Desktop/Project/devel/.private/features/share/common-lisp/ros/features/srv/TabletService.lisp, /home/andyvince01/Desktop/Project/devel/share/common-lisp/ros/features/srv/TabletService.lisp)
Linked: (/home/andyvince01/Desktop/Project/devel/.private/features/share/common-lisp/ros/features/srv/_package_AnimationService.lisp, /home/andyvince01/Desktop/Project/devel/share/common-lisp/ros/features/srv/_package_AnimationService.lisp)
Linked: (/home/andyvince01/Desktop/Project/devel/.private/features/share/common-lisp/ros/features/srv/_package_Text2Speech.lisp, /home/andyvince01/Desktop/Project/devel/share/common-lisp/ros/features/srv/_package_Text2Speech.lisp)
Linked: (/home/andyvince01/Desktop/Project/devel/.private/features/include/features/ASRServiceResponse.h, /home/andyvince01/Desktop/Project/devel/include/features/ASRServiceResponse.h)
Linked: (/home/andyvince01/Desktop/Project/devel/.private/features/include/features/RestResponse.h, /home/andyvince01/Desktop/Project/devel/include/features/RestResponse.h)
Linked: (/home/andyvince01/Desktop/Project/devel/.private/features/include/features/ASRService.h, /home/andyvince01/Desktop/Project/devel/include/features/ASRService.h)
Linked: (/home/andyvince01/Desktop/Project/devel/.private/features/include/features/WakeUpResponse.h, /home/andyvince01/Desktop/Project/devel/include/features/WakeUpResponse.h)
Linked: (/home/andyvince01/Desktop/Project/devel/.private/features/include/features/TabletServiceRequest.h, /home/andyvince01/Desktop/Project/devel/include/features/TabletServiceRequest.h)
Linked: (/home/andyvince01/Desktop/Project/devel/.private/features/include/features/AnimationServiceRequest.h, /home/andyvince01/Desktop/Project/devel/include/features/AnimationServiceRequest.h)
Linked: (/home/andyvince01/Desktop/Project/devel/.private/features/include/features/FaceDetectorServiceRequest.h, /home/andyvince01/Desktop/Project/devel/include/features/FaceDetectorServiceRequest.h)
Linked: (/home/andyvince01/Desktop/Project/devel/.private/features/include/features/VoiceDetectionServiceRequest.h, /home/andyvince01/Desktop/Project/devel/include/features/VoiceDetectionServiceRequest.h)
Linked: (/home/andyvince01/Desktop/Project/devel/.private/features/include/features/Rest.h, /home/andyvince01/Desktop/Project/devel/include/features/Rest.h)
Linked: (/home/andyvince01/Desktop/Project/devel/.private/features/include/features/FaceDetectorService.h, /home/andyvince01/Desktop/Project/devel/include/features/FaceDetectorService.h)
Linked: (/home/andyvince01/Desktop/Project/devel/.private/features/include/features/FaceDetectorResponse.h, /home/andyvince01/Desktop/Project/devel/include/features/FaceDetectorResponse.h)
Linked: (/home/andyvince01/Desktop/Project/devel/.private/features/include/features/WakeUpRequest.h, /home/andyvince01/Desktop/Project/devel/include/features/WakeUpRequest.h)
Linked: (/home/andyvince01/Desktop/Project/devel/.private/features/include/features/VoiceDetectionService.h, /home/andyvince01/Desktop/Project/devel/include/features/VoiceDetectionService.h)
Linked: (/home/andyvince01/Desktop/Project/devel/.private/features/include/features/TabletServiceResponse.h, /home/andyvince01/Desktop/Project/devel/include/features/TabletServiceResponse.h)
Linked: (/home/andyvince01/Desktop/Project/devel/.private/features/include/features/VoiceDetectionServiceResponse.h, /home/andyvince01/Desktop/Project/devel/include/features/VoiceDetectionServiceResponse.h)
Linked: (/home/andyvince01/Desktop/Project/devel/.private/features/include/features/FaceDetectorRequest.h, /home/andyvince01/Desktop/Project/devel/include/features/FaceDetectorRequest.h)
Linked: (/home/andyvince01/Desktop/Project/devel/.private/features/include/features/AnimationService.h, /home/andyvince01/Desktop/Project/devel/include/features/AnimationService.h)
Linked: (/home/andyvince01/Desktop/Project/devel/.private/features/include/features/Text2SpeechResponse.h, /home/andyvince01/Desktop/Project/devel/include/features/Text2SpeechResponse.h)
Linked: (/home/andyvince01/Desktop/Project/devel/.private/features/include/features/RestRequest.h, /home/andyvince01/Desktop/Project/devel/include/features/RestRequest.h)
Linked: (/home/andyvince01/Desktop/Project/devel/.private/features/include/features/AnimationServiceResponse.h, /home/andyvince01/Desktop/Project/devel/include/features/AnimationServiceResponse.h)
Linked: (/home/andyvince01/Desktop/Project/devel/.private/features/include/features/Text2SpeechRequest.h, /home/andyvince01/Desktop/Project/devel/include/features/Text2SpeechRequest.h)
Linked: (/home/andyvince01/Desktop/Project/devel/.private/features/include/features/Text2Speech.h, /home/andyvince01/Desktop/Project/devel/include/features/Text2Speech.h)
Linked: (/home/andyvince01/Desktop/Project/devel/.private/features/include/features/FaceDetectorServiceResponse.h, /home/andyvince01/Desktop/Project/devel/include/features/FaceDetectorServiceResponse.h)
Linked: (/home/andyvince01/Desktop/Project/devel/.private/features/include/features/FaceDetector.h, /home/andyvince01/Desktop/Project/devel/include/features/FaceDetector.h)
Linked: (/home/andyvince01/Desktop/Project/devel/.private/features/include/features/ASRServiceRequest.h, /home/andyvince01/Desktop/Project/devel/include/features/ASRServiceRequest.h)
Linked: (/home/andyvince01/Desktop/Project/devel/.private/features/include/features/WakeUp.h, /home/andyvince01/Desktop/Project/devel/include/features/WakeUp.h)
Linked: (/home/andyvince01/Desktop/Project/devel/.private/features/include/features/TabletService.h, /home/andyvince01/Desktop/Project/devel/include/features/TabletService.h)
