Symlinking /home/andyvince01/Desktop/Project/devel/lib/python3/dist-packages/features/__init__.py
Symlinking /home/andyvince01/Desktop/Project/devel/lib/python3/dist-packages/features/srv/_WakeUp.py
Symlinking /home/andyvince01/Desktop/Project/devel/lib/python3/dist-packages/features/srv/_Text2Speech.py
Symlinking /home/andyvince01/Desktop/Project/devel/lib/python3/dist-packages/features/srv/__init__.py
Symlinking /home/andyvince01/Desktop/Project/devel/lib/python3/dist-packages/features/srv/_TabletService.py
Symlinking /home/andyvince01/Desktop/Project/devel/lib/python3/dist-packages/features/srv/_Rest.py
Symlinking /home/andyvince01/Desktop/Project/devel/lib/python3/dist-packages/features/srv/_VoiceDetectionService.py
Symlinking /home/andyvince01/Desktop/Project/devel/lib/python3/dist-packages/features/srv/_ASRService.py
Symlinking /home/andyvince01/Desktop/Project/devel/lib/python3/dist-packages/features/srv/_FaceDetectorService.py
Symlinking /home/andyvince01/Desktop/Project/devel/lib/python3/dist-packages/features/srv/_AnimationService.py
Symlinking /home/andyvince01/Desktop/Project/devel/lib/python3/dist-packages/features/srv/_FaceDetector.py
Symlinking /home/andyvince01/Desktop/Project/devel/lib/pkgconfig/features.pc
Symlinking /home/andyvince01/Desktop/Project/devel/share/roseus/ros/features/manifest.l
Symlinking /home/andyvince01/Desktop/Project/devel/share/roseus/ros/features/srv/VoiceDetectionService.l
Symlinking /home/andyvince01/Desktop/Project/devel/share/roseus/ros/features/srv/ASRService.l
Symlinking /home/andyvince01/Desktop/Project/devel/share/roseus/ros/features/srv/WakeUp.l
Symlinking /home/andyvince01/Desktop/Project/devel/share/roseus/ros/features/srv/Rest.l
Symlinking /home/andyvince01/Desktop/Project/devel/share/roseus/ros/features/srv/FaceDetectorService.l
Symlinking /home/andyvince01/Desktop/Project/devel/share/roseus/ros/features/srv/FaceDetector.l
Symlinking /home/andyvince01/Desktop/Project/devel/share/roseus/ros/features/srv/TabletService.l
Symlinking /home/andyvince01/Desktop/Project/devel/share/roseus/ros/features/srv/AnimationService.l
Symlinking /home/andyvince01/Desktop/Project/devel/share/roseus/ros/features/srv/Text2Speech.l
Symlinking /home/andyvince01/Desktop/Project/devel/share/features/cmake/features-msg-paths.cmake
Symlinking /home/andyvince01/Desktop/Project/devel/share/features/cmake/features-msg-extras.cmake
Symlinking /home/andyvince01/Desktop/Project/devel/share/features/cmake/featuresConfig.cmake
Symlinking /home/andyvince01/Desktop/Project/devel/share/features/cmake/featuresConfig-version.cmake
Symlinking /home/andyvince01/Desktop/Project/devel/share/gennodejs/ros/features/_index.js
Symlinking /home/andyvince01/Desktop/Project/devel/share/gennodejs/ros/features/srv/FaceDetectorService.js
Symlinking /home/andyvince01/Desktop/Project/devel/share/gennodejs/ros/features/srv/Rest.js
Symlinking /home/andyvince01/Desktop/Project/devel/share/gennodejs/ros/features/srv/VoiceDetectionService.js
Symlinking /home/andyvince01/Desktop/Project/devel/share/gennodejs/ros/features/srv/TabletService.js
Symlinking /home/andyvince01/Desktop/Project/devel/share/gennodejs/ros/features/srv/_index.js
Symlinking /home/andyvince01/Desktop/Project/devel/share/gennodejs/ros/features/srv/AnimationService.js
Symlinking /home/andyvince01/Desktop/Project/devel/share/gennodejs/ros/features/srv/WakeUp.js
Symlinking /home/andyvince01/Desktop/Project/devel/share/gennodejs/ros/features/srv/FaceDetector.js
Symlinking /home/andyvince01/Desktop/Project/devel/share/gennodejs/ros/features/srv/Text2Speech.js
Symlinking /home/andyvince01/Desktop/Project/devel/share/gennodejs/ros/features/srv/ASRService.js
Symlinking /home/andyvince01/Desktop/Project/devel/share/common-lisp/ros/features/srv/features-srv.asd
Symlinking /home/andyvince01/Desktop/Project/devel/share/common-lisp/ros/features/srv/_package_ASRService.lisp
Symlinking /home/andyvince01/Desktop/Project/devel/share/common-lisp/ros/features/srv/_package.lisp
Symlinking /home/andyvince01/Desktop/Project/devel/share/common-lisp/ros/features/srv/_package_WakeUp.lisp
Symlinking /home/andyvince01/Desktop/Project/devel/share/common-lisp/ros/features/srv/_package_FaceDetectorService.lisp
Symlinking /home/andyvince01/Desktop/Project/devel/share/common-lisp/ros/features/srv/_package_TabletService.lisp
Symlinking /home/andyvince01/Desktop/Project/devel/share/common-lisp/ros/features/srv/_package_FaceDetector.lisp
Symlinking /home/andyvince01/Desktop/Project/devel/share/common-lisp/ros/features/srv/Text2Speech.lisp
Symlinking /home/andyvince01/Desktop/Project/devel/share/common-lisp/ros/features/srv/_package_Rest.lisp
Symlinking /home/andyvince01/Desktop/Project/devel/share/common-lisp/ros/features/srv/WakeUp.lisp
Symlinking /home/andyvince01/Desktop/Project/devel/share/common-lisp/ros/features/srv/AnimationService.lisp
Symlinking /home/andyvince01/Desktop/Project/devel/share/common-lisp/ros/features/srv/Rest.lisp
Symlinking /home/andyvince01/Desktop/Project/devel/share/common-lisp/ros/features/srv/_package_VoiceDetectionService.lisp
Symlinking /home/andyvince01/Desktop/Project/devel/share/common-lisp/ros/features/srv/FaceDetectorService.lisp
Symlinking /home/andyvince01/Desktop/Project/devel/share/common-lisp/ros/features/srv/VoiceDetectionService.lisp
Symlinking /home/andyvince01/Desktop/Project/devel/share/common-lisp/ros/features/srv/FaceDetector.lisp
Symlinking /home/andyvince01/Desktop/Project/devel/share/common-lisp/ros/features/srv/ASRService.lisp
Symlinking /home/andyvince01/Desktop/Project/devel/share/common-lisp/ros/features/srv/TabletService.lisp
Symlinking /home/andyvince01/Desktop/Project/devel/share/common-lisp/ros/features/srv/_package_AnimationService.lisp
Symlinking /home/andyvince01/Desktop/Project/devel/share/common-lisp/ros/features/srv/_package_Text2Speech.lisp
Symlinking /home/andyvince01/Desktop/Project/devel/include/features/ASRServiceResponse.h
Symlinking /home/andyvince01/Desktop/Project/devel/include/features/RestResponse.h
Symlinking /home/andyvince01/Desktop/Project/devel/include/features/ASRService.h
Symlinking /home/andyvince01/Desktop/Project/devel/include/features/WakeUpResponse.h
Symlinking /home/andyvince01/Desktop/Project/devel/include/features/TabletServiceRequest.h
Symlinking /home/andyvince01/Desktop/Project/devel/include/features/AnimationServiceRequest.h
Symlinking /home/andyvince01/Desktop/Project/devel/include/features/FaceDetectorServiceRequest.h
Symlinking /home/andyvince01/Desktop/Project/devel/include/features/VoiceDetectionServiceRequest.h
Symlinking /home/andyvince01/Desktop/Project/devel/include/features/Rest.h
Symlinking /home/andyvince01/Desktop/Project/devel/include/features/FaceDetectorService.h
Symlinking /home/andyvince01/Desktop/Project/devel/include/features/FaceDetectorResponse.h
Symlinking /home/andyvince01/Desktop/Project/devel/include/features/WakeUpRequest.h
Symlinking /home/andyvince01/Desktop/Project/devel/include/features/VoiceDetectionService.h
Symlinking /home/andyvince01/Desktop/Project/devel/include/features/TabletServiceResponse.h
Symlinking /home/andyvince01/Desktop/Project/devel/include/features/VoiceDetectionServiceResponse.h
Symlinking /home/andyvince01/Desktop/Project/devel/include/features/FaceDetectorRequest.h
Symlinking /home/andyvince01/Desktop/Project/devel/include/features/AnimationService.h
Symlinking /home/andyvince01/Desktop/Project/devel/include/features/Text2SpeechResponse.h
Symlinking /home/andyvince01/Desktop/Project/devel/include/features/RestRequest.h
Symlinking /home/andyvince01/Desktop/Project/devel/include/features/AnimationServiceResponse.h
Symlinking /home/andyvince01/Desktop/Project/devel/include/features/Text2SpeechRequest.h
Symlinking /home/andyvince01/Desktop/Project/devel/include/features/Text2Speech.h
Symlinking /home/andyvince01/Desktop/Project/devel/include/features/FaceDetectorServiceResponse.h
Symlinking /home/andyvince01/Desktop/Project/devel/include/features/FaceDetector.h
Symlinking /home/andyvince01/Desktop/Project/devel/include/features/ASRServiceRequest.h
Symlinking /home/andyvince01/Desktop/Project/devel/include/features/WakeUp.h
Symlinking /home/andyvince01/Desktop/Project/devel/include/features/TabletService.h
