[35m[1mScanning dependencies of target _vision_msgs_generate_messages_check_deps_Detection3D[0m
[35m[1mScanning dependencies of target _vision_msgs_generate_messages_check_deps_Detection2D[0m
[35m[1mScanning dependencies of target _vision_msgs_generate_messages_check_deps_Detection3DArray[0m
[35m[1mScanning dependencies of target _vision_msgs_generate_messages_check_deps_VisionInfo[0m
[35m[1mScanning dependencies of target _vision_msgs_generate_messages_check_deps_Classification3D[0m
[35m[1mScanning dependencies of target _vision_msgs_generate_messages_check_deps_BoundingBox3D[0m
[35m[1mScanning dependencies of target _vision_msgs_generate_messages_check_deps_Classification2D[0m
[35m[1mScanning dependencies of target _vision_msgs_generate_messages_check_deps_ObjectHypothesisWithPose[0m
[  0%] Built target _vision_msgs_generate_messages_check_deps_Detection3DArray
[  0%] Built target _vision_msgs_generate_messages_check_deps_Detection3D
[  0%] Built target _vision_msgs_generate_messages_check_deps_BoundingBox3D
[35m[1mScanning dependencies of target sensor_msgs_generate_messages_nodejs[0m
[  0%] Built target _vision_msgs_generate_messages_check_deps_Classification2D
[  0%] Built target _vision_msgs_generate_messages_check_deps_VisionInfo
[  0%] Built target _vision_msgs_generate_messages_check_deps_Classification3D
[35m[1mScanning dependencies of target geometry_msgs_generate_messages_nodejs[0m
[  0%] Built target _vision_msgs_generate_messages_check_deps_Detection2D
[35m[1mScanning dependencies of target _vision_msgs_generate_messages_check_deps_BoundingBox2D[0m
[  0%] Built target sensor_msgs_generate_messages_nodejs
[35m[1mScanning dependencies of target std_msgs_generate_messages_nodejs[0m
[35m[1mScanning dependencies of target _vision_msgs_generate_messages_check_deps_BoundingBox2DArray[0m
[35m[1mScanning dependencies of target _vision_msgs_generate_messages_check_deps_Detection2DArray[0m
[  0%] Built target geometry_msgs_generate_messages_nodejs
[  0%] Built target _vision_msgs_generate_messages_check_deps_ObjectHypothesisWithPose
[35m[1mScanning dependencies of target _vision_msgs_generate_messages_check_deps_ObjectHypothesis[0m
[  0%] Built target std_msgs_generate_messages_nodejs
[35m[1mScanning dependencies of target _vision_msgs_generate_messages_check_deps_BoundingBox3DArray[0m
[35m[1mScanning dependencies of target std_msgs_generate_messages_py[0m
[35m[1mScanning dependencies of target geometry_msgs_generate_messages_py[0m
[  0%] Built target std_msgs_generate_messages_py
[35m[1mScanning dependencies of target sensor_msgs_generate_messages_py[0m
[  0%] Built target geometry_msgs_generate_messages_py
[35m[1mScanning dependencies of target std_msgs_generate_messages_cpp[0m
[35m[1mScanning dependencies of target sensor_msgs_generate_messages_cpp[0m
[  0%] Built target sensor_msgs_generate_messages_py
[  0%] Built target _vision_msgs_generate_messages_check_deps_BoundingBox2D
[  0%] Built target std_msgs_generate_messages_cpp
[35m[1mScanning dependencies of target geometry_msgs_generate_messages_cpp[0m
[  0%] Built target sensor_msgs_generate_messages_cpp
[  0%] Built target _vision_msgs_generate_messages_check_deps_Detection2DArray
[  0%] Built target geometry_msgs_generate_messages_cpp
[35m[1mScanning dependencies of target std_msgs_generate_messages_eus[0m
[35m[1mScanning dependencies of target sensor_msgs_generate_messages_eus[0m
[  0%] Built target _vision_msgs_generate_messages_check_deps_BoundingBox2DArray
[35m[1mScanning dependencies of target geometry_msgs_generate_messages_eus[0m
[35m[1mScanning dependencies of target std_msgs_generate_messages_lisp[0m
[  0%] Built target _vision_msgs_generate_messages_check_deps_ObjectHypothesis
[35m[1mScanning dependencies of target geometry_msgs_generate_messages_lisp[0m
[  0%] Built target std_msgs_generate_messages_eus
[  0%] Built target sensor_msgs_generate_messages_eus
[  0%] Built target geometry_msgs_generate_messages_eus
[  0%] Built target std_msgs_generate_messages_lisp
[  0%] Built target _vision_msgs_generate_messages_check_deps_BoundingBox3DArray
[35m[1mScanning dependencies of target sensor_msgs_generate_messages_lisp[0m
[  0%] Built target geometry_msgs_generate_messages_lisp
[35m[1mScanning dependencies of target vision_msgs_generate_messages_nodejs[0m
[35m[1mScanning dependencies of target vision_msgs_generate_messages_py[0m
[  0%] Built target sensor_msgs_generate_messages_lisp
[35m[1mScanning dependencies of target vision_msgs_generate_messages_eus[0m
[35m[1mScanning dependencies of target vision_msgs_generate_messages_cpp[0m
[ 19%] Built target vision_msgs_generate_messages_nodejs
[35m[1mScanning dependencies of target vision_msgs_generate_messages_lisp[0m
[ 55%] Built target vision_msgs_generate_messages_py
[ 61%] Built target vision_msgs_generate_messages_eus
[ 80%] Built target vision_msgs_generate_messages_cpp
[100%] Built target vision_msgs_generate_messages_lisp
[35m[1mScanning dependencies of target vision_msgs_generate_messages[0m
[100%] Built target vision_msgs_generate_messages
