[  0%] Built target _vision_msgs_generate_messages_check_deps_VisionInfo
[  0%] Built target _vision_msgs_generate_messages_check_deps_Classification2D
[  0%] Built target _vision_msgs_generate_messages_check_deps_ObjectHypothesisWithPose
[  0%] Built target _vision_msgs_generate_messages_check_deps_Detection3DArray
[  0%] Built target _vision_msgs_generate_messages_check_deps_Detection2D
[  0%] Built target sensor_msgs_generate_messages_nodejs
[  0%] Built target _vision_msgs_generate_messages_check_deps_Detection3D
[  0%] Built target _vision_msgs_generate_messages_check_deps_Classification3D
[  0%] Built target geometry_msgs_generate_messages_nodejs
[  0%] Built target _vision_msgs_generate_messages_check_deps_BoundingBox3D
[  0%] Built target std_msgs_generate_messages_nodejs
[  0%] Built target std_msgs_generate_messages_py
[  0%] Built target geometry_msgs_generate_messages_py
[  0%] Built target _vision_msgs_generate_messages_check_deps_BoundingBox2D
[  0%] Built target _vision_msgs_generate_messages_check_deps_Detection2DArray
[  0%] Built target _vision_msgs_generate_messages_check_deps_BoundingBox2DArray
[  0%] Built target sensor_msgs_generate_messages_cpp
[  0%] Built target _vision_msgs_generate_messages_check_deps_BoundingBox3DArray
[  0%] Built target sensor_msgs_generate_messages_py
[  0%] Built target geometry_msgs_generate_messages_cpp
[  0%] Built target _vision_msgs_generate_messages_check_deps_ObjectHypothesis
[  0%] Built target sensor_msgs_generate_messages_eus
[  0%] Built target std_msgs_generate_messages_cpp
[  0%] Built target geometry_msgs_generate_messages_eus
[  0%] Built target std_msgs_generate_messages_lisp
[  0%] Built target std_msgs_generate_messages_eus
[  0%] Built target geometry_msgs_generate_messages_lisp
[ 20%] Built target vision_msgs_generate_messages_py
[ 40%] Built target vision_msgs_generate_messages_nodejs
[ 40%] Built target sensor_msgs_generate_messages_lisp
[ 59%] Built target vision_msgs_generate_messages_cpp
[ 80%] Built target vision_msgs_generate_messages_eus
[100%] Built target vision_msgs_generate_messages_lisp
[100%] Built target vision_msgs_generate_messages
