Linked: (/home/andyvince01/Desktop/Project/devel/.private/chatbot/lib/python3/dist-packages/chatbot/__init__.py, /home/andyvince01/Desktop/Project/devel/lib/python3/dist-packages/chatbot/__init__.py)
Linked: (/home/andyvince01/Desktop/Project/devel/.private/chatbot/lib/python3/dist-packages/chatbot/srv/__init__.py, /home/andyvince01/Desktop/Project/devel/lib/python3/dist-packages/chatbot/srv/__init__.py)
Linked: (/home/andyvince01/Desktop/Project/devel/.private/chatbot/lib/python3/dist-packages/chatbot/srv/_Dialogue.py, /home/andyvince01/Desktop/Project/devel/lib/python3/dist-packages/chatbot/srv/_Dialogue.py)
Linked: (/home/andyvince01/Desktop/Project/devel/.private/chatbot/lib/pkgconfig/chatbot.pc, /home/andyvince01/Desktop/Project/devel/lib/pkgconfig/chatbot.pc)
Linked: (/home/andyvince01/Desktop/Project/devel/.private/chatbot/share/chatbot/cmake/chatbotConfig-version.cmake, /home/andyvince01/Desktop/Project/devel/share/chatbot/cmake/chatbotConfig-version.cmake)
Linked: (/home/andyvince01/Desktop/Project/devel/.private/chatbot/share/chatbot/cmake/chatbot-msg-extras.cmake, /home/andyvince01/Desktop/Project/devel/share/chatbot/cmake/chatbot-msg-extras.cmake)
Linked: (/home/andyvince01/Desktop/Project/devel/.private/chatbot/share/chatbot/cmake/chatbotConfig.cmake, /home/andyvince01/Desktop/Project/devel/share/chatbot/cmake/chatbotConfig.cmake)
Linked: (/home/andyvince01/Desktop/Project/devel/.private/chatbot/share/chatbot/cmake/chatbot-msg-paths.cmake, /home/andyvince01/Desktop/Project/devel/share/chatbot/cmake/chatbot-msg-paths.cmake)
Linked: (/home/andyvince01/Desktop/Project/devel/.private/chatbot/share/roseus/ros/chatbot/manifest.l, /home/andyvince01/Desktop/Project/devel/share/roseus/ros/chatbot/manifest.l)
Linked: (/home/andyvince01/Desktop/Project/devel/.private/chatbot/share/roseus/ros/chatbot/srv/Dialogue.l, /home/andyvince01/Desktop/Project/devel/share/roseus/ros/chatbot/srv/Dialogue.l)
Linked: (/home/andyvince01/Desktop/Project/devel/.private/chatbot/share/gennodejs/ros/chatbot/_index.js, /home/andyvince01/Desktop/Project/devel/share/gennodejs/ros/chatbot/_index.js)
Linked: (/home/andyvince01/Desktop/Project/devel/.private/chatbot/share/gennodejs/ros/chatbot/srv/_index.js, /home/andyvince01/Desktop/Project/devel/share/gennodejs/ros/chatbot/srv/_index.js)
Linked: (/home/andyvince01/Desktop/Project/devel/.private/chatbot/share/gennodejs/ros/chatbot/srv/Dialogue.js, /home/andyvince01/Desktop/Project/devel/share/gennodejs/ros/chatbot/srv/Dialogue.js)
Linked: (/home/andyvince01/Desktop/Project/devel/.private/chatbot/share/common-lisp/ros/chatbot/srv/Dialogue.lisp, /home/andyvince01/Desktop/Project/devel/share/common-lisp/ros/chatbot/srv/Dialogue.lisp)
Linked: (/home/andyvince01/Desktop/Project/devel/.private/chatbot/share/common-lisp/ros/chatbot/srv/_package_Dialogue.lisp, /home/andyvince01/Desktop/Project/devel/share/common-lisp/ros/chatbot/srv/_package_Dialogue.lisp)
Linked: (/home/andyvince01/Desktop/Project/devel/.private/chatbot/share/common-lisp/ros/chatbot/srv/_package.lisp, /home/andyvince01/Desktop/Project/devel/share/common-lisp/ros/chatbot/srv/_package.lisp)
Linked: (/home/andyvince01/Desktop/Project/devel/.private/chatbot/share/common-lisp/ros/chatbot/srv/chatbot-srv.asd, /home/andyvince01/Desktop/Project/devel/share/common-lisp/ros/chatbot/srv/chatbot-srv.asd)
Linked: (/home/andyvince01/Desktop/Project/devel/.private/chatbot/include/chatbot/DialogueRequest.h, /home/andyvince01/Desktop/Project/devel/include/chatbot/DialogueRequest.h)
Linked: (/home/andyvince01/Desktop/Project/devel/.private/chatbot/include/chatbot/DialogueResponse.h, /home/andyvince01/Desktop/Project/devel/include/chatbot/DialogueResponse.h)
Linked: (/home/andyvince01/Desktop/Project/devel/.private/chatbot/include/chatbot/Dialogue.h, /home/andyvince01/Desktop/Project/devel/include/chatbot/Dialogue.h)
