[35m[1mScanning dependencies of target std_msgs_generate_messages_lisp[0m
[35m[1mScanning dependencies of target _chatbot_generate_messages_check_deps_Dialogue[0m
[35m[1mScanning dependencies of target std_msgs_generate_messages_eus[0m
[35m[1mScanning dependencies of target std_msgs_generate_messages_nodejs[0m
[35m[1mScanning dependencies of target std_msgs_generate_messages_cpp[0m
[35m[1mScanning dependencies of target std_msgs_generate_messages_py[0m
[  0%] Built target std_msgs_generate_messages_eus
[  0%] Built target std_msgs_generate_messages_lisp
[  0%] Built target std_msgs_generate_messages_nodejs
[  0%] Built target std_msgs_generate_messages_cpp
[  0%] Built target std_msgs_generate_messages_py
[  0%] Built target _chatbot_generate_messages_check_deps_Dialogue
[35m[1mScanning dependencies of target chatbot_generate_messages_lisp[0m
[35m[1mScanning dependencies of target chatbot_generate_messages_eus[0m
[35m[1mScanning dependencies of target chatbot_generate_messages_py[0m
[35m[1mScanning dependencies of target chatbot_generate_messages_nodejs[0m
[35m[1mScanning dependencies of target chatbot_generate_messages_cpp[0m
[ 14%] Built target chatbot_generate_messages_lisp
[ 42%] Built target chatbot_generate_messages_eus
[ 71%] Built target chatbot_generate_messages_py
[ 85%] Built target chatbot_generate_messages_nodejs
[100%] Built target chatbot_generate_messages_cpp
[35m[1mScanning dependencies of target chatbot_generate_messages[0m
[100%] Built target chatbot_generate_messages
